<?xml version="1.0" encoding="UTF-8"?>
<!-- Generated by org.testng.reporters.JUnitReportReporter -->
<testsuite skipped="0" hostname="FILT190" name="com.qa.opencart.test.ProductInfoPageTest" tests="2" failures="0" timestamp="12 Mar 2021 11:13:32 GMT" time="12.939" errors="0">
  <testcase name="quantityTest" time="2.905" classname="com.qa.opencart.test.ProductInfoPageTest"/>
  <testcase name="productInfoTest" time="10.034" classname="com.qa.opencart.test.ProductInfoPageTest"/>
</testsuite> <!-- com.qa.opencart.test.ProductInfoPageTest -->
