<?xml version="1.0" encoding="UTF-8"?>
<!-- Generated by org.testng.reporters.JUnitReportReporter -->
<testsuite skipped="0" hostname="FILT190" name="com.qa.opencart.test.AccountsPageTest" tests="6" failures="0" timestamp="12 Mar 2021 11:13:32 GMT" time="13.401" errors="0">
  <testcase name="accPageTitletest" time="0.015" classname="com.qa.opencart.test.AccountsPageTest"/>
  <testcase name="accPageLogoTest" time="0.948" classname="com.qa.opencart.test.AccountsPageTest"/>
  <testcase name="accPageSectionCountTest" time="0.023" classname="com.qa.opencart.test.AccountsPageTest"/>
  <testcase name="accPageSectionsTest" time="0.104" classname="com.qa.opencart.test.AccountsPageTest"/>
  <testcase name="search" time="3.870" classname="com.qa.opencart.test.AccountsPageTest"/>
  <testcase name="selectProductTest" time="8.441" classname="com.qa.opencart.test.AccountsPageTest"/>
</testsuite> <!-- com.qa.opencart.test.AccountsPageTest -->
