<?xml version="1.0" encoding="UTF-8"?>
<!-- Generated by org.testng.reporters.JUnitReportReporter -->
<testsuite skipped="1" hostname="FILT190" name="com.qa.opencart.test.RegisterPageTest" tests="1" failures="0" timestamp="09 Mar 2021 05:27:34 GMT" time="0.000" errors="0">
  <testcase name="userRegisterTest" time="0.000" classname="com.qa.opencart.test.RegisterPageTest">
    <skipped/>
  </testcase> <!-- userRegisterTest -->
</testsuite> <!-- com.qa.opencart.test.RegisterPageTest -->
