<?xml version="1.0" encoding="UTF-8"?>
<!-- Generated by org.testng.reporters.JUnitReportReporter -->
<testsuite skipped="0" hostname="FILT190" name="com.qa.opencart.test.LoginPageTest" tests="3" failures="0" timestamp="12 Mar 2021 11:13:32 GMT" time="6.945" errors="0">
  <testcase name="loginPageTitleTest" time="0.068" classname="com.qa.opencart.test.LoginPageTest"/>
  <testcase name="forgotPwdLinkTest" time="0.970" classname="com.qa.opencart.test.LoginPageTest"/>
  <testcase name="loginTest" time="5.907" classname="com.qa.opencart.test.LoginPageTest"/>
</testsuite> <!-- com.qa.opencart.test.LoginPageTest -->
