<?xml version="1.0" encoding="UTF-8"?>
<!-- Generated by org.testng.reporters.JUnitReportReporter -->
<testsuite hostname="FILT190" failures="0" tests="6" name="com.qa.opencart.test.AccountsPageTest" time="15.557" errors="0" timestamp="13 Mar 2021 07:03:50 GMT" skipped="0">
  <testcase classname="com.qa.opencart.test.AccountsPageTest" name="accPageTitletest" time="0.018"/>
  <testcase classname="com.qa.opencart.test.AccountsPageTest" name="accPageLogoTest" time="1.054"/>
  <testcase classname="com.qa.opencart.test.AccountsPageTest" name="accPageSectionCountTest" time="0.179"/>
  <testcase classname="com.qa.opencart.test.AccountsPageTest" name="accPageSectionsTest" time="0.187"/>
  <testcase classname="com.qa.opencart.test.AccountsPageTest" name="search" time="5.104"/>
  <testcase classname="com.qa.opencart.test.AccountsPageTest" name="selectProductTest" time="9.015"/>
</testsuite> <!-- com.qa.opencart.test.AccountsPageTest -->
