<?xml version="1.0" encoding="UTF-8"?>
<!-- Generated by org.testng.reporters.JUnitReportReporter -->
<testsuite hostname="FILT190" failures="0" tests="2" name="com.qa.opencart.test.ProductInfoPageTest" time="14.163" errors="0" timestamp="13 Mar 2021 07:03:50 GMT" skipped="0">
  <testcase classname="com.qa.opencart.test.ProductInfoPageTest" name="quantityTest" time="3.463"/>
  <testcase classname="com.qa.opencart.test.ProductInfoPageTest" name="productInfoTest" time="10.700"/>
</testsuite> <!-- com.qa.opencart.test.ProductInfoPageTest -->
