<?xml version="1.0" encoding="UTF-8"?>
<!-- Generated by org.testng.reporters.JUnitReportReporter -->
<testsuite hostname="FILT190" failures="0" tests="3" name="com.qa.opencart.test.LoginPageTest" time="7.802" errors="0" timestamp="13 Mar 2021 07:03:50 GMT" skipped="0">
  <testcase classname="com.qa.opencart.test.LoginPageTest" name="loginPageTitleTest" time="0.209"/>
  <testcase classname="com.qa.opencart.test.LoginPageTest" name="forgotPwdLinkTest" time="1.470"/>
  <testcase classname="com.qa.opencart.test.LoginPageTest" name="loginTest" time="6.123"/>
</testsuite> <!-- com.qa.opencart.test.LoginPageTest -->
